C:\Users\Osezuaheo\source\repos\flight-search-app\Fllight_Search_App\wwwroot\Client_App\out-tsc\app\app.component.js
C:\Users\Osezuaheo\source\repos\flight-search-app\Fllight_Search_App\wwwroot\Client_App\out-tsc\app\app.component.js.map
C:\Users\Osezuaheo\source\repos\flight-search-app\Fllight_Search_App\wwwroot\Client_App\out-tsc\app\search-page\search-page.component.js
C:\Users\Osezuaheo\source\repos\flight-search-app\Fllight_Search_App\wwwroot\Client_App\out-tsc\app\search-page\search-page.component.js.map
C:\Users\Osezuaheo\source\repos\flight-search-app\Fllight_Search_App\wwwroot\Client_App\out-tsc\app\app.module.js
C:\Users\Osezuaheo\source\repos\flight-search-app\Fllight_Search_App\wwwroot\Client_App\out-tsc\app\app.module.js.map
C:\Users\Osezuaheo\source\repos\flight-search-app\Fllight_Search_App\wwwroot\Client_App\out-tsc\environments\environment.js
C:\Users\Osezuaheo\source\repos\flight-search-app\Fllight_Search_App\wwwroot\Client_App\out-tsc\environments\environment.js.map
C:\Users\Osezuaheo\source\repos\flight-search-app\Fllight_Search_App\wwwroot\Client_App\out-tsc\main.js
C:\Users\Osezuaheo\source\repos\flight-search-app\Fllight_Search_App\wwwroot\Client_App\out-tsc\main.js.map
C:\Users\Osezuaheo\source\repos\flight-search-app\Fllight_Search_App\wwwroot\Client_App\out-tsc\polyfills.js
C:\Users\Osezuaheo\source\repos\flight-search-app\Fllight_Search_App\wwwroot\Client_App\out-tsc\polyfills.js.map
C:\Users\Osezuaheo\source\repos\flight-search-app\Fllight_Search_App\wwwroot\Client_App\out-tsc\test.js
C:\Users\Osezuaheo\source\repos\flight-search-app\Fllight_Search_App\wwwroot\Client_App\out-tsc\test.js.map
C:\Users\Osezuaheo\source\repos\flight-search-app\Fllight_Search_App\wwwroot\Client_App\out-tsc\app\app.component.spec.js
C:\Users\Osezuaheo\source\repos\flight-search-app\Fllight_Search_App\wwwroot\Client_App\out-tsc\app\app.component.spec.js.map
C:\Users\Osezuaheo\source\repos\flight-search-app\Fllight_Search_App\wwwroot\Client_App\out-tsc\app\search-page\search-page.component.spec.js
C:\Users\Osezuaheo\source\repos\flight-search-app\Fllight_Search_App\wwwroot\Client_App\out-tsc\app\search-page\search-page.component.spec.js.map
C:\Users\Osezuaheo\source\repos\flight-search-app\Fllight_Search_App\wwwroot\Client_App\out-tsc\environments\environment.prod.js
C:\Users\Osezuaheo\source\repos\flight-search-app\Fllight_Search_App\wwwroot\Client_App\out-tsc\environments\environment.prod.js.map
